C51 COMPILER V9.60.0.0   KEY                                                               04/29/2025 11:26:34 PAGE 1   


C51 COMPILER V9.60.0.0, COMPILATION OF MODULE KEY
OBJECT MODULE PLACED IN .\Objects\key.obj
COMPILER INVOKED BY: D:\keil\C51\BIN\C51.EXE sources\key.c LARGE OPTIMIZE(8,SPEED) BROWSE INCDIR(.\Headers;.\sources) DE
                    -BUG OBJECTEXTEND PRINT(.\Listings\key.lst) OBJECT(.\Objects\key.obj)

line level    source

   1          #include <REGX52.H>
   2          #include "Delay.h"
   3          
   4          unsigned char Key()
   5          {
   6   1              unsigned char KeyNumber = 0;
   7   1              if (P3_1 == 0)
   8   1              {
   9   2                      Delay(20);
  10   2                      while (P3_1 == 0);
  11   2                      Delay(20);
  12   2                      KeyNumber = 1;
  13   2              }
  14   1              if (P3_0 == 0)
  15   1              {
  16   2                      Delay(20);
  17   2                      while (P3_0 == 0);
  18   2                      Delay(20);
  19   2                      KeyNumber = 2;
  20   2              }
  21   1              if (P3_2 == 0)
  22   1              {
  23   2                      Delay(20);
  24   2                      while (P3_2 == 0);
  25   2                      Delay(20);
  26   2                      KeyNumber = 3;
  27   2              }
  28   1              if (P3_3 == 0)
  29   1              {
  30   2                      Delay(20);
  31   2                      while (P3_3 == 0);
  32   2                      Delay(20);
  33   2                      KeyNumber = 4;
  34   2              }
  35   1      
  36   1              return KeyNumber;
  37   1      }


MODULE INFORMATION:   STATIC OVERLAYABLE
   CODE SIZE        =    114    ----
   CONSTANT SIZE    =   ----    ----
   XDATA SIZE       =   ----       1
   PDATA SIZE       =   ----    ----
   DATA SIZE        =   ----    ----
   IDATA SIZE       =   ----    ----
   BIT SIZE         =   ----    ----
END OF MODULE INFORMATION.


C51 COMPILATION COMPLETE.  0 WARNING(S),  0 ERROR(S)
